w:\git\da278a\laborationer\lab1\debug\vc142.pdb
w:\git\da278a\laborationer\lab1\debug\vc142.idb
w:\git\da278a\laborationer\lab1\debug\listtest.obj
w:\git\da278a\laborationer\lab1\debug\listitertest.obj
w:\git\da278a\laborationer\lab1\debug\main.obj
w:\git\da278a\laborationer\lab1\debug\listbasictest.obj
w:\git\da278a\laborationer\lab1\debug\lab1.tlog\cl.command.1.tlog
w:\git\da278a\laborationer\lab1\debug\lab1.tlog\cl.read.1.tlog
w:\git\da278a\laborationer\lab1\debug\lab1.tlog\cl.write.1.tlog
w:\git\da278a\laborationer\lab1\debug\lab1.tlog\link-cvtres.read.1.tlog
w:\git\da278a\laborationer\lab1\debug\lab1.tlog\link-cvtres.write.1.tlog
w:\git\da278a\laborationer\lab1\debug\lab1.tlog\link-rc.read.1.tlog
w:\git\da278a\laborationer\lab1\debug\lab1.tlog\link-rc.write.1.tlog
w:\git\da278a\laborationer\lab1\debug\lab1.tlog\link.14376-cvtres.read.1.tlog
w:\git\da278a\laborationer\lab1\debug\lab1.tlog\link.14376-cvtres.write.1.tlog
w:\git\da278a\laborationer\lab1\debug\lab1.tlog\link.14376-rc.read.1.tlog
w:\git\da278a\laborationer\lab1\debug\lab1.tlog\link.14376-rc.write.1.tlog
w:\git\da278a\laborationer\lab1\debug\lab1.tlog\link.14376.read.1.tlog
w:\git\da278a\laborationer\lab1\debug\lab1.tlog\link.14376.write.1.tlog
w:\git\da278a\laborationer\lab1\debug\lab1.tlog\link.command.1.tlog
w:\git\da278a\laborationer\lab1\debug\lab1.tlog\link.read.1.tlog
w:\git\da278a\laborationer\lab1\debug\lab1.tlog\link.write.1.tlog
